<?xml version="1.0" encoding="UTF-8"?>
<coverage generated="1781254775005" clover="3.2.0">
  <project timestamp="1781254775005" name="All files">
    <metrics statements="64" coveredstatements="64" conditionals="58" coveredconditionals="52" methods="10" coveredmethods="10" elements="132" coveredelements="126" complexity="0" loc="64" ncloc="64" packages="1" files="1" classes="1"/>
    <file name="fifo.ts" path="/Users/robmcnamara/Source/Stocks/web/src/utils/fifo.ts">
      <metrics statements="64" coveredstatements="64" conditionals="58" coveredconditionals="52" methods="10" coveredmethods="10"/>
      <line num="36" count="18" type="cond" truecount="2" falsecount="0"/>
      <line num="44" count="14" type="stmt"/>
      <line num="45" count="14" type="stmt"/>
      <line num="46" count="14" type="cond" truecount="2" falsecount="0"/>
      <line num="47" count="15" type="stmt"/>
      <line num="48" count="15" type="stmt"/>
      <line num="49" count="15" type="stmt"/>
      <line num="50" count="15" type="stmt"/>
      <line num="51" count="15" type="cond" truecount="2" falsecount="0"/>
      <line num="53" count="14" type="stmt"/>
      <line num="61" count="8" type="stmt"/>
      <line num="62" count="8" type="cond" truecount="1" falsecount="1"/>
      <line num="64" count="8" type="stmt"/>
      <line num="65" count="8" type="stmt"/>
      <line num="66" count="8" type="stmt"/>
      <line num="67" count="8" type="stmt"/>
      <line num="69" count="8" type="stmt"/>
      <line num="70" count="16" type="cond" truecount="5" falsecount="0"/>
      <line num="71" count="9" type="stmt"/>
      <line num="72" count="7" type="cond" truecount="4" falsecount="1"/>
      <line num="73" count="7" type="stmt"/>
      <line num="74" count="7" type="cond" truecount="2" falsecount="0"/>
      <line num="75" count="7" type="stmt"/>
      <line num="77" count="16" type="cond" truecount="2" falsecount="0"/>
      <line num="80" count="8" type="stmt"/>
      <line num="81" count="8" type="stmt"/>
      <line num="83" count="8" type="stmt"/>
      <line num="95" count="7" type="stmt"/>
      <line num="96" count="7" type="stmt"/>
      <line num="97" count="11" type="cond" truecount="2" falsecount="0"/>
      <line num="98" count="11" type="stmt"/>
      <line num="101" count="7" type="stmt"/>
      <line num="102" count="7" type="stmt"/>
      <line num="103" count="7" type="stmt"/>
      <line num="104" count="7" type="stmt"/>
      <line num="106" count="7" type="stmt"/>
      <line num="107" count="8" type="stmt"/>
      <line num="109" count="8" type="stmt"/>
      <line num="110" count="8" type="stmt"/>
      <line num="111" count="8" type="stmt"/>
      <line num="112" count="11" type="cond" truecount="2" falsecount="0"/>
      <line num="113" count="9" type="cond" truecount="2" falsecount="2"/>
      <line num="115" count="8" type="cond" truecount="2" falsecount="0"/>
      <line num="117" count="8" type="stmt"/>
      <line num="118" count="11" type="cond" truecount="4" falsecount="0"/>
      <line num="120" count="8" type="stmt"/>
      <line num="121" count="8" type="stmt"/>
      <line num="123" count="8" type="stmt"/>
      <line num="124" count="11" type="cond" truecount="5" falsecount="0"/>
      <line num="125" count="8" type="stmt"/>
      <line num="126" count="3" type="cond" truecount="4" falsecount="1"/>
      <line num="127" count="3" type="stmt"/>
      <line num="128" count="3" type="cond" truecount="1" falsecount="1"/>
      <line num="129" count="3" type="cond" truecount="2" falsecount="0"/>
      <line num="133" count="8" type="stmt"/>
      <line num="134" count="8" type="stmt"/>
      <line num="136" count="8" type="cond" truecount="2" falsecount="0"/>
      <line num="137" count="6" type="stmt"/>
      <line num="138" count="6" type="cond" truecount="2" falsecount="0"/>
      <line num="139" count="6" type="cond" truecount="2" falsecount="0"/>
      <line num="140" count="6" type="cond" truecount="2" falsecount="0"/>
      <line num="141" count="6" type="stmt"/>
      <line num="144" count="8" type="stmt"/>
      <line num="147" count="7" type="stmt"/>
    </file>
  </project>
</coverage>
