{"/Users/robmcnamara/Source/Stocks/web/src/utils/fifo.ts": {"path":"/Users/robmcnamara/Source/Stocks/web/src/utils/fifo.ts","statementMap":{"0":{"start":{"line":36,"column":2},"end":{"line":36,"column":null}},"1":{"start":{"line":36,"column":33},"end":{"line":36,"column":77}},"2":{"start":{"line":44,"column":18},"end":{"line":44,"column":null}},"3":{"start":{"line":45,"column":18},"end":{"line":45,"column":null}},"4":{"start":{"line":46,"column":2},"end":{"line":51,"column":null}},"5":{"start":{"line":47,"column":17},"end":{"line":47,"column":54}},"6":{"start":{"line":48,"column":4},"end":{"line":48,"column":null}},"7":{"start":{"line":49,"column":4},"end":{"line":49,"column":null}},"8":{"start":{"line":50,"column":4},"end":{"line":50,"column":null}},"9":{"start":{"line":51,"column":4},"end":{"line":51,"column":null}},"10":{"start":{"line":51,"column":31},"end":{"line":51,"column":null}},"11":{"start":{"line":53,"column":2},"end":{"line":53,"column":null}},"12":{"start":{"line":61,"column":17},"end":{"line":61,"column":38}},"13":{"start":{"line":62,"column":17},"end":{"line":62,"column":null}},"14":{"start":{"line":64,"column":26},"end":{"line":64,"column":28}},"15":{"start":{"line":65,"column":19},"end":{"line":65,"column":null}},"16":{"start":{"line":66,"column":21},"end":{"line":66,"column":null}},"17":{"start":{"line":67,"column":23},"end":{"line":67,"column":null}},"18":{"start":{"line":69,"column":2},"end":{"line":77,"column":null}},"19":{"start":{"line":70,"column":4},"end":{"line":75,"column":null}},"20":{"start":{"line":71,"column":6},"end":{"line":71,"column":null}},"21":{"start":{"line":72,"column":11},"end":{"line":75,"column":null}},"22":{"start":{"line":73,"column":24},"end":{"line":73,"column":56}},"23":{"start":{"line":74,"column":6},"end":{"line":74,"column":null}},"24":{"start":{"line":75,"column":6},"end":{"line":75,"column":null}},"25":{"start":{"line":77,"column":4},"end":{"line":77,"column":null}},"26":{"start":{"line":77,"column":32},"end":{"line":77,"column":null}},"27":{"start":{"line":80,"column":26},"end":{"line":80,"column":66}},"28":{"start":{"line":80,"column":48},"end":{"line":80,"column":64}},"29":{"start":{"line":81,"column":24},"end":{"line":81,"column":74}},"30":{"start":{"line":81,"column":46},"end":{"line":81,"column":72}},"31":{"start":{"line":83,"column":2},"end":{"line":83,"column":null}},"32":{"start":{"line":95,"column":50},"end":{"line":95,"column":52}},"33":{"start":{"line":96,"column":2},"end":{"line":98,"column":null}},"34":{"start":{"line":97,"column":4},"end":{"line":97,"column":null}},"35":{"start":{"line":97,"column":30},"end":{"line":97,"column":null}},"36":{"start":{"line":98,"column":4},"end":{"line":98,"column":null}},"37":{"start":{"line":101,"column":19},"end":{"line":101,"column":null}},"38":{"start":{"line":102,"column":15},"end":{"line":102,"column":null}},"39":{"start":{"line":103,"column":19},"end":{"line":103,"column":null}},"40":{"start":{"line":104,"column":19},"end":{"line":104,"column":null}},"41":{"start":{"line":106,"column":2},"end":{"line":144,"column":null}},"42":{"start":{"line":107,"column":19},"end":{"line":107,"column":40}},"43":{"start":{"line":109,"column":20},"end":{"line":109,"column":null}},"44":{"start":{"line":110,"column":29},"end":{"line":110,"column":null}},"45":{"start":{"line":111,"column":4},"end":{"line":113,"column":null}},"46":{"start":{"line":112,"column":6},"end":{"line":113,"column":null}},"47":{"start":{"line":112,"column":34},"end":{"line":112,"column":null}},"48":{"start":{"line":113,"column":11},"end":{"line":113,"column":null}},"49":{"start":{"line":113,"column":64},"end":{"line":113,"column":null}},"50":{"start":{"line":115,"column":28},"end":{"line":115,"column":null}},"51":{"start":{"line":117,"column":25},"end":{"line":118,"column":77}},"52":{"start":{"line":118,"column":6},"end":{"line":118,"column":75}},"53":{"start":{"line":120,"column":28},"end":{"line":120,"column":30}},"54":{"start":{"line":121,"column":23},"end":{"line":121,"column":null}},"55":{"start":{"line":123,"column":4},"end":{"line":129,"column":null}},"56":{"start":{"line":124,"column":6},"end":{"line":129,"column":null}},"57":{"start":{"line":125,"column":8},"end":{"line":125,"column":null}},"58":{"start":{"line":126,"column":13},"end":{"line":129,"column":null}},"59":{"start":{"line":127,"column":26},"end":{"line":127,"column":58}},"60":{"start":{"line":128,"column":30},"end":{"line":128,"column":null}},"61":{"start":{"line":129,"column":8},"end":{"line":129,"column":null}},"62":{"start":{"line":133,"column":28},"end":{"line":133,"column":68}},"63":{"start":{"line":133,"column":50},"end":{"line":133,"column":66}},"64":{"start":{"line":134,"column":26},"end":{"line":134,"column":76}},"65":{"start":{"line":134,"column":48},"end":{"line":134,"column":74}},"66":{"start":{"line":136,"column":4},"end":{"line":141,"column":null}},"67":{"start":{"line":137,"column":6},"end":{"line":137,"column":null}},"68":{"start":{"line":138,"column":20},"end":{"line":138,"column":null}},"69":{"start":{"line":139,"column":27},"end":{"line":139,"column":null}},"70":{"start":{"line":140,"column":6},"end":{"line":140,"column":null}},"71":{"start":{"line":140,"column":17},"end":{"line":140,"column":null}},"72":{"start":{"line":141,"column":6},"end":{"line":141,"column":null}},"73":{"start":{"line":144,"column":4},"end":{"line":144,"column":null}},"74":{"start":{"line":147,"column":2},"end":{"line":147,"column":null}}},"fnMap":{"0":{"name":"sortTransactions","decl":{"start":{"line":35,"column":16},"end":{"line":35,"column":73}},"loc":{"start":{"line":35,"column":88},"end":{"line":36,"column":null}},"line":35},"1":{"name":"(anonymous_1)","decl":{"start":{"line":36,"column":18},"end":{"line":36,"column":24}},"loc":{"start":{"line":36,"column":33},"end":{"line":36,"column":77}},"line":36},"2":{"name":"applyFifoSale","decl":{"start":{"line":43,"column":16},"end":{"line":43,"column":30}},"loc":{"start":{"line":43,"column":73},"end":{"line":53,"column":null}},"line":43},"3":{"name":"calcSymbolSummary","decl":{"start":{"line":60,"column":16},"end":{"line":60,"column":34}},"loc":{"start":{"line":60,"column":69},"end":{"line":83,"column":null}},"line":60},"4":{"name":"(anonymous_4)","decl":{"start":{"line":80,"column":31},"end":{"line":80,"column":39}},"loc":{"start":{"line":80,"column":48},"end":{"line":80,"column":64}},"line":80},"5":{"name":"(anonymous_5)","decl":{"start":{"line":81,"column":29},"end":{"line":81,"column":37}},"loc":{"start":{"line":81,"column":46},"end":{"line":81,"column":72}},"line":81},"6":{"name":"calcPortfolioPL","decl":{"start":{"line":91,"column":16},"end":{"line":91,"column":null}},"loc":{"start":{"line":94,"column":99},"end":{"line":147,"column":null}},"line":94},"7":{"name":"(anonymous_7)","decl":{"start":{"line":117,"column":32},"end":{"line":117,"column":40}},"loc":{"start":{"line":118,"column":6},"end":{"line":118,"column":75}},"line":118},"8":{"name":"(anonymous_8)","decl":{"start":{"line":133,"column":33},"end":{"line":133,"column":41}},"loc":{"start":{"line":133,"column":50},"end":{"line":133,"column":66}},"line":133},"9":{"name":"(anonymous_9)","decl":{"start":{"line":134,"column":31},"end":{"line":134,"column":39}},"loc":{"start":{"line":134,"column":48},"end":{"line":134,"column":74}},"line":134}},"branchMap":{"0":{"loc":{"start":{"line":36,"column":33},"end":{"line":36,"column":77}},"type":"binary-expr","locations":[{"start":{"line":36,"column":33},"end":{"line":36,"column":61}},{"start":{"line":36,"column":65},"end":{"line":36,"column":77}}],"line":36},"1":{"loc":{"start":{"line":46,"column":9},"end":{"line":46,"column":43}},"type":"binary-expr","locations":[{"start":{"line":46,"column":9},"end":{"line":46,"column":26}},{"start":{"line":46,"column":26},"end":{"line":46,"column":43}}],"line":46},"2":{"loc":{"start":{"line":51,"column":4},"end":{"line":51,"column":null}},"type":"if","locations":[{"start":{"line":51,"column":4},"end":{"line":51,"column":null}},{"start":{},"end":{}}],"line":51},"3":{"loc":{"start":{"line":62,"column":17},"end":{"line":62,"column":null}},"type":"binary-expr","locations":[{"start":{"line":62,"column":17},"end":{"line":62,"column":38}},{"start":{"line":62,"column":38},"end":{"line":62,"column":null}}],"line":62},"4":{"loc":{"start":{"line":70,"column":4},"end":{"line":75,"column":null}},"type":"if","locations":[{"start":{"line":70,"column":4},"end":{"line":75,"column":null}},{"start":{"line":72,"column":11},"end":{"line":75,"column":null}}],"line":70},"5":{"loc":{"start":{"line":70,"column":8},"end":{"line":70,"column":87}},"type":"binary-expr","locations":[{"start":{"line":70,"column":8},"end":{"line":70,"column":46}},{"start":{"line":70,"column":46},"end":{"line":70,"column":69}},{"start":{"line":70,"column":69},"end":{"line":70,"column":87}}],"line":70},"6":{"loc":{"start":{"line":72,"column":11},"end":{"line":75,"column":null}},"type":"if","locations":[{"start":{"line":72,"column":11},"end":{"line":75,"column":null}},{"start":{},"end":{}}],"line":72},"7":{"loc":{"start":{"line":72,"column":15},"end":{"line":72,"column":90}},"type":"binary-expr","locations":[{"start":{"line":72,"column":15},"end":{"line":72,"column":49}},{"start":{"line":72,"column":49},"end":{"line":72,"column":72}},{"start":{"line":72,"column":72},"end":{"line":72,"column":90}}],"line":72},"8":{"loc":{"start":{"line":74,"column":46},"end":{"line":74,"column":67}},"type":"binary-expr","locations":[{"start":{"line":74,"column":46},"end":{"line":74,"column":62}},{"start":{"line":74,"column":62},"end":{"line":74,"column":67}}],"line":74},"9":{"loc":{"start":{"line":77,"column":4},"end":{"line":77,"column":null}},"type":"if","locations":[{"start":{"line":77,"column":4},"end":{"line":77,"column":null}},{"start":{},"end":{}}],"line":77},"10":{"loc":{"start":{"line":97,"column":4},"end":{"line":97,"column":null}},"type":"if","locations":[{"start":{"line":97,"column":4},"end":{"line":97,"column":null}},{"start":{},"end":{}}],"line":97},"11":{"loc":{"start":{"line":112,"column":6},"end":{"line":113,"column":null}},"type":"if","locations":[{"start":{"line":112,"column":6},"end":{"line":113,"column":null}},{"start":{"line":113,"column":11},"end":{"line":113,"column":null}}],"line":112},"12":{"loc":{"start":{"line":113,"column":11},"end":{"line":113,"column":null}},"type":"if","locations":[{"start":{"line":113,"column":11},"end":{"line":113,"column":null}},{"start":{},"end":{}}],"line":113},"13":{"loc":{"start":{"line":113,"column":15},"end":{"line":113,"column":64}},"type":"binary-expr","locations":[{"start":{"line":113,"column":15},"end":{"line":113,"column":53}},{"start":{"line":113,"column":53},"end":{"line":113,"column":64}}],"line":113},"14":{"loc":{"start":{"line":115,"column":28},"end":{"line":115,"column":null}},"type":"cond-expr","locations":[{"start":{"line":115,"column":53},"end":{"line":115,"column":74}},{"start":{"line":115,"column":74},"end":{"line":115,"column":null}}],"line":115},"15":{"loc":{"start":{"line":118,"column":6},"end":{"line":118,"column":75}},"type":"cond-expr","locations":[{"start":{"line":118,"column":54},"end":{"line":118,"column":72}},{"start":{"line":118,"column":72},"end":{"line":118,"column":75}}],"line":118},"16":{"loc":{"start":{"line":118,"column":6},"end":{"line":118,"column":54}},"type":"binary-expr","locations":[{"start":{"line":118,"column":6},"end":{"line":118,"column":40}},{"start":{"line":118,"column":40},"end":{"line":118,"column":54}}],"line":118},"17":{"loc":{"start":{"line":124,"column":6},"end":{"line":129,"column":null}},"type":"if","locations":[{"start":{"line":124,"column":6},"end":{"line":129,"column":null}},{"start":{"line":126,"column":13},"end":{"line":129,"column":null}}],"line":124},"18":{"loc":{"start":{"line":124,"column":10},"end":{"line":124,"column":89}},"type":"binary-expr","locations":[{"start":{"line":124,"column":10},"end":{"line":124,"column":48}},{"start":{"line":124,"column":48},"end":{"line":124,"column":71}},{"start":{"line":124,"column":71},"end":{"line":124,"column":89}}],"line":124},"19":{"loc":{"start":{"line":126,"column":13},"end":{"line":129,"column":null}},"type":"if","locations":[{"start":{"line":126,"column":13},"end":{"line":129,"column":null}},{"start":{},"end":{}}],"line":126},"20":{"loc":{"start":{"line":126,"column":17},"end":{"line":126,"column":92}},"type":"binary-expr","locations":[{"start":{"line":126,"column":17},"end":{"line":126,"column":51}},{"start":{"line":126,"column":51},"end":{"line":126,"column":74}},{"start":{"line":126,"column":74},"end":{"line":126,"column":92}}],"line":126},"21":{"loc":{"start":{"line":128,"column":30},"end":{"line":128,"column":null}},"type":"cond-expr","locations":[{"start":{"line":128,"column":50},"end":{"line":128,"column":98}},{"start":{"line":128,"column":98},"end":{"line":128,"column":null}}],"line":128},"22":{"loc":{"start":{"line":129,"column":50},"end":{"line":129,"column":71}},"type":"binary-expr","locations":[{"start":{"line":129,"column":50},"end":{"line":129,"column":66}},{"start":{"line":129,"column":66},"end":{"line":129,"column":71}}],"line":129},"23":{"loc":{"start":{"line":136,"column":4},"end":{"line":141,"column":null}},"type":"if","locations":[{"start":{"line":136,"column":4},"end":{"line":141,"column":null}},{"start":{},"end":{}}],"line":136},"24":{"loc":{"start":{"line":138,"column":20},"end":{"line":138,"column":null}},"type":"binary-expr","locations":[{"start":{"line":138,"column":20},"end":{"line":138,"column":40}},{"start":{"line":138,"column":40},"end":{"line":138,"column":null}}],"line":138},"25":{"loc":{"start":{"line":139,"column":27},"end":{"line":139,"column":null}},"type":"cond-expr","locations":[{"start":{"line":139,"column":35},"end":{"line":139,"column":61}},{"start":{"line":139,"column":61},"end":{"line":139,"column":null}}],"line":139},"26":{"loc":{"start":{"line":140,"column":6},"end":{"line":140,"column":null}},"type":"if","locations":[{"start":{"line":140,"column":6},"end":{"line":140,"column":null}},{"start":{},"end":{}}],"line":140}},"s":{"0":18,"1":13,"2":14,"3":14,"4":14,"5":15,"6":15,"7":15,"8":15,"9":15,"10":10,"11":14,"12":8,"13":8,"14":8,"15":8,"16":8,"17":8,"18":8,"19":16,"20":9,"21":7,"22":7,"23":7,"24":7,"25":16,"26":1,"27":8,"28":4,"29":8,"30":4,"31":8,"32":7,"33":7,"34":11,"35":8,"36":11,"37":7,"38":7,"39":7,"40":7,"41":7,"42":8,"43":8,"44":8,"45":8,"46":11,"47":2,"48":9,"49":0,"50":8,"51":8,"52":11,"53":8,"54":8,"55":8,"56":11,"57":8,"58":3,"59":3,"60":3,"61":3,"62":8,"63":6,"64":8,"65":6,"66":8,"67":6,"68":6,"69":6,"70":6,"71":5,"72":6,"73":8,"74":7},"f":{"0":18,"1":13,"2":14,"3":8,"4":4,"5":4,"6":7,"7":11,"8":6,"9":6},"b":{"0":[13,1],"1":[14,16],"2":[10,5],"3":[8,0],"4":[9,7],"5":[16,9,9],"6":[7,0],"7":[7,7,7],"8":[7,6],"9":[1,15],"10":[8,3],"11":[2,9],"12":[0,9],"13":[9,0],"14":[2,6],"15":[3,8],"16":[11,3],"17":[8,3],"18":[11,8,8],"19":[3,0],"20":[3,3,3],"21":[3,0],"22":[3,3],"23":[6,2],"24":[6,1],"25":[5,1],"26":[5,1]},"meta":{"lastBranch":27,"lastFunction":10,"lastStatement":75,"seen":{"f:35:16:35:73":0,"s:36:2:36:Infinity":0,"f:36:18:36:24":1,"s:36:33:36:77":1,"b:36:33:36:61:36:65:36:77":0,"f:43:16:43:30":2,"s:44:18:44:Infinity":2,"s:45:18:45:Infinity":3,"s:46:2:51:Infinity":4,"b:46:9:46:26:46:26:46:43":1,"s:47:17:47:54":5,"s:48:4:48:Infinity":6,"s:49:4:49:Infinity":7,"s:50:4:50:Infinity":8,"b:51:4:51:Infinity:undefined:undefined:undefined:undefined":2,"s:51:4:51:Infinity":9,"s:51:31:51:Infinity":10,"s:53:2:53:Infinity":11,"f:60:16:60:34":3,"s:61:17:61:38":12,"s:62:17:62:Infinity":13,"b:62:17:62:38:62:38:62:Infinity":3,"s:64:26:64:28":14,"s:65:19:65:Infinity":15,"s:66:21:66:Infinity":16,"s:67:23:67:Infinity":17,"s:69:2:77:Infinity":18,"b:70:4:75:Infinity:72:11:75:Infinity":4,"s:70:4:75:Infinity":19,"b:70:8:70:46:70:46:70:69:70:69:70:87":5,"s:71:6:71:Infinity":20,"b:72:11:75:Infinity:undefined:undefined:undefined:undefined":6,"s:72:11:75:Infinity":21,"b:72:15:72:49:72:49:72:72:72:72:72:90":7,"s:73:24:73:56":22,"s:74:6:74:Infinity":23,"b:74:46:74:62:74:62:74:67":8,"s:75:6:75:Infinity":24,"b:77:4:77:Infinity:undefined:undefined:undefined:undefined":9,"s:77:4:77:Infinity":25,"s:77:32:77:Infinity":26,"s:80:26:80:66":27,"f:80:31:80:39":4,"s:80:48:80:64":28,"s:81:24:81:74":29,"f:81:29:81:37":5,"s:81:46:81:72":30,"s:83:2:83:Infinity":31,"f:91:16:91:Infinity":6,"s:95:50:95:52":32,"s:96:2:98:Infinity":33,"b:97:4:97:Infinity:undefined:undefined:undefined:undefined":10,"s:97:4:97:Infinity":34,"s:97:30:97:Infinity":35,"s:98:4:98:Infinity":36,"s:101:19:101:Infinity":37,"s:102:15:102:Infinity":38,"s:103:19:103:Infinity":39,"s:104:19:104:Infinity":40,"s:106:2:144:Infinity":41,"s:107:19:107:40":42,"s:109:20:109:Infinity":43,"s:110:29:110:Infinity":44,"s:111:4:113:Infinity":45,"b:112:6:113:Infinity:113:11:113:Infinity":11,"s:112:6:113:Infinity":46,"s:112:34:112:Infinity":47,"b:113:11:113:Infinity:undefined:undefined:undefined:undefined":12,"s:113:11:113:Infinity":48,"b:113:15:113:53:113:53:113:64":13,"s:113:64:113:Infinity":49,"s:115:28:115:Infinity":50,"b:115:53:115:74:115:74:115:Infinity":14,"s:117:25:118:77":51,"f:117:32:117:40":7,"s:118:6:118:75":52,"b:118:54:118:72:118:72:118:75":15,"b:118:6:118:40:118:40:118:54":16,"s:120:28:120:30":53,"s:121:23:121:Infinity":54,"s:123:4:129:Infinity":55,"b:124:6:129:Infinity:126:13:129:Infinity":17,"s:124:6:129:Infinity":56,"b:124:10:124:48:124:48:124:71:124:71:124:89":18,"s:125:8:125:Infinity":57,"b:126:13:129:Infinity:undefined:undefined:undefined:undefined":19,"s:126:13:129:Infinity":58,"b:126:17:126:51:126:51:126:74:126:74:126:92":20,"s:127:26:127:58":59,"s:128:30:128:Infinity":60,"b:128:50:128:98:128:98:128:Infinity":21,"s:129:8:129:Infinity":61,"b:129:50:129:66:129:66:129:71":22,"s:133:28:133:68":62,"f:133:33:133:41":8,"s:133:50:133:66":63,"s:134:26:134:76":64,"f:134:31:134:39":9,"s:134:48:134:74":65,"b:136:4:141:Infinity:undefined:undefined:undefined:undefined":23,"s:136:4:141:Infinity":66,"s:137:6:137:Infinity":67,"s:138:20:138:Infinity":68,"b:138:20:138:40:138:40:138:Infinity":24,"s:139:27:139:Infinity":69,"b:139:35:139:61:139:61:139:Infinity":25,"b:140:6:140:Infinity:undefined:undefined:undefined:undefined":26,"s:140:6:140:Infinity":70,"s:140:17:140:Infinity":71,"s:141:6:141:Infinity":72,"s:144:4:144:Infinity":73,"s:147:2:147:Infinity":74},"fnNames":{}}}
}
